<?xml version="1.0" encoding="UTF-8"?>
<testsuite name="SILab2Test" tests="2" skipped="0" failures="0" errors="0" timestamp="2022-06-03T14:19:18" hostname="DESKTOP-VONV94Q" time="0.032">
  <properties/>
  <testcase name="BranchTest()" classname="SILab2Test" time="0.03"/>
  <testcase name="StatementTest()" classname="SILab2Test" time="0.002"/>
  <system-out><![CDATA[]]></system-out>
  <system-err><![CDATA[]]></system-err>
</testsuite>
